#
# There is insufficient memory for the Java Runtime Environment to continue.
# Native memory allocation (mmap) failed to map 1073741824 bytes for Failed to commit area from 0x00000000c0000000 to 0x0000000100000000 of length 1073741824.
# Possible reasons:
#   The system is out of physical RAM or swap space
#   The process is running with CompressedOops enabled, and the Java Heap may be blocking the growth of the native heap
# Possible solutions:
#   Reduce memory load on the system
#   Increase physical memory or swap space
#   Check if swap backing store is full
#   Decrease Java heap size (-Xmx/-Xms)
#   Decrease number of Java threads
#   Decrease Java thread stack sizes (-Xss)
#   Set larger code cache with -XX:ReservedCodeCacheSize=
# This output file may be truncated or incomplete.
#
#  Out of Memory Error (t:/workspace/open/src/hotspot/os/windows/os_windows.cpp:3275), pid=16280, tid=25960
#
# JRE version:  (11.0.4+10) (build )
# Java VM: Java HotSpot(TM) 64-Bit Server VM (11.0.4+10-LTS, mixed mode, aot, sharing, tiered, compressed oops, g1 gc, windows-amd64)
# No core dump will be written. Minidumps are not enabled by default on client versions of Windows
#

---------------  S U M M A R Y ------------

Command Line: --add-opens=java.desktop/sun.awt=ALL-UNNAMED --add-opens=java.desktop/sun.swing=ALL-UNNAMED --add-opens=java.desktop/javax.swing.text.html=ALL-UNNAMED --add-opens=java.desktop/java.awt=ALL-UNNAMED --add-opens=java.desktop/java.awt.font=ALL-UNNAMED --add-opens=java.base/java.lang=ALL-UNNAMED --add-opens=java.base/java.lang.invoke=ALL-UNNAMED --add-opens=java.base/java.lang.reflect=ALL-UNNAMED --add-opens=java.base/java.util=ALL-UNNAMED --add-opens=java.base/java.text=ALL-UNNAMED -XX:+HeapDumpOnOutOfMemoryError -Xms1g -Xmx1g -XX:MaxMetaspaceSize=256m -XX:+UseG1GC -XX:MaxGCPauseMillis=100 -XX:G1ReservePercent=20 -Djava.security.egd=file:/dev/urandom -Duser.language=en -Duser.region=EN ApacheJMeter.jar

Host: Intel(R) Core(TM) i7-8565U CPU @ 1.80GHz, 8 cores, 31G,  Windows 10 , 64 bit Build 19041 (10.0.19041.2546)
Time: Fri Mar 24 10:56:59 2023 New Zealand Daylight Time elapsed time: 0 seconds (0d 0h 0m 0s)

---------------  T H R E A D  ---------------

Current thread (0x00000201c1d4a000):  JavaThread "Unknown thread" [_thread_in_vm, id=25960, stack(0x000000d5c0d00000,0x000000d5c0e00000)]

Stack: [0x000000d5c0d00000,0x000000d5c0e00000]
Native frames: (J=compiled Java code, j=interpreted, Vv=VM code, C=native code)
V  [jvm.dll+0x635bda]
V  [jvm.dll+0x77360f]
V  [jvm.dll+0x774cba]
V  [jvm.dll+0x775373]
V  [jvm.dll+0x25e668]
V  [jvm.dll+0x63306a]
V  [jvm.dll+0x627ab5]
V  [jvm.dll+0x314f8c]
V  [jvm.dll+0x314e12]
V  [jvm.dll+0x31a676]
V  [jvm.dll+0x36676f]
V  [jvm.dll+0x366190]
V  [jvm.dll+0x2f1b18]
V  [jvm.dll+0x2f2c86]
V  [jvm.dll+0x74c777]
V  [jvm.dll+0x74debf]
V  [jvm.dll+0x3735a9]
V  [jvm.dll+0x732e09]
V  [jvm.dll+0x3e2c0d]
V  [jvm.dll+0x3e4ee1]
C  [java.exe+0x3607]
C  [java.exe+0x178dc]
C  [KERNEL32.DLL+0x17614]
C  [ntdll.dll+0x526a1]


---------------  P R O C E S S  ---------------

Threads class SMR info:
_java_thread_list=0x00000201bfb128b0, length=0, elements={
}

Java Threads: ( => current thread )

Other Threads:
  0x00000201c1d62000 GCTaskThread "GC Thread#0" [stack: 0x000000d5c0e00000,0x000000d5c0f00000] [id=18428]
  0x00000201c1d82800 ConcurrentGCThread "G1 Main Marker" [stack: 0x000000d5c0f00000,0x000000d5c1000000] [id=7596]
  0x00000201c1d88000 ConcurrentGCThread "G1 Conc#0" [stack: 0x000000d5c1000000,0x000000d5c1100000] [id=25524]

[error occurred during error reporting (printing all threads), id 0xc0000005, EXCEPTION_ACCESS_VIOLATION (0xc0000005) at pc=0x00007ff8377903e7]

VM state:not at safepoint (not fully initialized)

VM Mutex/Monitor currently owned by a thread:  ([mutex/lock_event])
[0x00000201c1d48070] Heap_lock - owner thread: 0x00000201c1d4a000

Heap address: 0x00000000c0000000, size: 1024 MB, Compressed Oops mode: Non-zero based: 0x00000000c0000000
Narrow klass base: 0x0000000000000000, Narrow klass shift: 0

GC Heap History (0 events):
No events

Deoptimization events (0 events):
No events

Classes redefined (0 events):
No events

Internal exceptions (0 events):
No events

Events (0 events):
No events


Dynamic libraries:
0x00007ff66bb20000 - 0x00007ff66bb67000 	C:\Program Files\Java\jdk-11.0.4\bin\java.exe
0x00007ff89d110000 - 0x00007ff89d308000 	C:\WINDOWS\SYSTEM32\ntdll.dll
0x00007ff89c000000 - 0x00007ff89c0bf000 	C:\WINDOWS\System32\KERNEL32.DLL
0x00007ff89acb0000 - 0x00007ff89af82000 	C:\WINDOWS\System32\KERNELBASE.dll
0x00007ff89b280000 - 0x00007ff89b32e000 	C:\WINDOWS\System32\ADVAPI32.dll
0x00007ff89b160000 - 0x00007ff89b1fe000 	C:\WINDOWS\System32\msvcrt.dll
0x00007ff89c0c0000 - 0x00007ff89c15c000 	C:\WINDOWS\System32\sechost.dll
0x00007ff89cf70000 - 0x00007ff89d094000 	C:\WINDOWS\System32\RPCRT4.dll
0x00007ff89c540000 - 0x00007ff89c6e1000 	C:\WINDOWS\System32\USER32.dll
0x00007ff89b000000 - 0x00007ff89b022000 	C:\WINDOWS\System32\win32u.dll
0x00007ff89bef0000 - 0x00007ff89bf1b000 	C:\WINDOWS\System32\GDI32.dll
0x00007ff89aba0000 - 0x00007ff89acaf000 	C:\WINDOWS\System32\gdi32full.dll
0x00007ff89ab00000 - 0x00007ff89ab9d000 	C:\WINDOWS\System32\msvcp_win.dll
0x00007ff89b030000 - 0x00007ff89b130000 	C:\WINDOWS\System32\ucrtbase.dll
0x00007ff899320000 - 0x00007ff89932a000 	C:\WINDOWS\SYSTEM32\VERSION.dll
0x00007ff87f2c0000 - 0x00007ff87f55a000 	C:\WINDOWS\WinSxS\amd64_microsoft.windows.common-controls_6595b64144ccf1df_6.0.19041.1110_none_60b5254171f9507e\COMCTL32.dll
0x00007ff89d0a0000 - 0x00007ff89d0d0000 	C:\WINDOWS\System32\IMM32.DLL
0x00007ff860150000 - 0x00007ff860166000 	C:\Program Files\Java\jdk-11.0.4\bin\vcruntime140.dll
0x00007ff83e1c0000 - 0x00007ff83e26a000 	C:\Program Files\Java\jdk-11.0.4\bin\msvcp140.dll
0x00007ff837490000 - 0x00007ff837fb7000 	C:\Program Files\Java\jdk-11.0.4\bin\server\jvm.dll
0x00007ff89cf60000 - 0x00007ff89cf68000 	C:\WINDOWS\System32\PSAPI.DLL
0x00007ff870280000 - 0x00007ff870289000 	C:\WINDOWS\SYSTEM32\WSOCK32.dll
0x00007ff89be70000 - 0x00007ff89bedb000 	C:\WINDOWS\System32\WS2_32.dll
0x00007ff87ae40000 - 0x00007ff87ae67000 	C:\WINDOWS\SYSTEM32\WINMM.dll
0x00007ff898440000 - 0x00007ff898452000 	C:\WINDOWS\SYSTEM32\kernel.appcore.dll
0x00007ff85fe20000 - 0x00007ff85fe31000 	C:\Program Files\Java\jdk-11.0.4\bin\verify.dll
0x00007ff895cd0000 - 0x00007ff895eb4000 	C:\WINDOWS\SYSTEM32\DBGHELP.DLL
0x00007ff87c900000 - 0x00007ff87c935000 	C:\WINDOWS\SYSTEM32\dbgcore.DLL
0x00007ff89aa70000 - 0x00007ff89aaf2000 	C:\WINDOWS\System32\bcryptPrimitives.dll
0x00007ff85d780000 - 0x00007ff85d7a9000 	C:\Program Files\Java\jdk-11.0.4\bin\java.dll
0x00007ff85d760000 - 0x00007ff85d776000 	C:\Program Files\Java\jdk-11.0.4\bin\zip.dll
0x00007ff8955f0000 - 0x00007ff8955fa000 	C:\Program Files\Java\jdk-11.0.4\bin\jimage.dll

dbghelp: loaded successfully - version: 4.0.5 - missing functions: none
symbol engine: initialized successfully - sym options: 0x614 - pdb path: .;C:\Program Files\Java\jdk-11.0.4\bin;C:\WINDOWS\SYSTEM32;C:\WINDOWS\WinSxS\amd64_microsoft.windows.common-controls_6595b64144ccf1df_6.0.19041.1110_none_60b5254171f9507e;C:\Program Files\Java\jdk-11.0.4\bin\server

VM Arguments:
jvm_args: --add-opens=java.desktop/sun.awt=ALL-UNNAMED --add-opens=java.desktop/sun.swing=ALL-UNNAMED --add-opens=java.desktop/javax.swing.text.html=ALL-UNNAMED --add-opens=java.desktop/java.awt=ALL-UNNAMED --add-opens=java.desktop/java.awt.font=ALL-UNNAMED --add-opens=java.base/java.lang=ALL-UNNAMED --add-opens=java.base/java.lang.invoke=ALL-UNNAMED --add-opens=java.base/java.lang.reflect=ALL-UNNAMED --add-opens=java.base/java.util=ALL-UNNAMED --add-opens=java.base/java.text=ALL-UNNAMED -XX:+HeapDumpOnOutOfMemoryError -Xms1g -Xmx1g -XX:MaxMetaspaceSize=256m -XX:+UseG1GC -XX:MaxGCPauseMillis=100 -XX:G1ReservePercent=20 -Djava.security.egd=file:/dev/urandom -Duser.language=en -Duser.region=EN 
java_command: ApacheJMeter.jar
java_class_path (initial): ApacheJMeter.jar
Launcher Type: SUN_STANDARD

[Global flags]
     intx CICompilerCount                          = 4                                         {product} {ergonomic}
   size_t CompressedClassSpaceSize                 = 260046848                                 {product} {ergonomic}
     uint ConcGCThreads                            = 2                                         {product} {ergonomic}
     uint G1ConcRefinementThreads                  = 8                                         {product} {ergonomic}
   size_t G1HeapRegionSize                         = 1048576                                   {product} {ergonomic}
    uintx G1ReservePercent                         = 20                                        {product} {command line}
    uintx GCDrainStackTargetSize                   = 64                                        {product} {ergonomic}
     bool HeapDumpOnOutOfMemoryError               = true                                   {manageable} {command line}
   size_t InitialHeapSize                          = 1073741824                                {product} {command line}
   size_t MarkStackSize                            = 4194304                                   {product} {ergonomic}
    uintx MaxGCPauseMillis                         = 100                                       {product} {command line}
   size_t MaxHeapSize                              = 1073741824                                {product} {command line}
   size_t MaxMetaspaceSize                         = 268435456                                 {product} {command line}
   size_t MinHeapDeltaBytes                        = 1048576                                   {product} {ergonomic}
    uintx NonNMethodCodeHeapSize                   = 5835340                                {pd product} {ergonomic}
    uintx NonProfiledCodeHeapSize                  = 122911450                              {pd product} {ergonomic}
    uintx ProfiledCodeHeapSize                     = 122911450                              {pd product} {ergonomic}
    uintx ReservedCodeCacheSize                    = 251658240                              {pd product} {ergonomic}
     bool SegmentedCodeCache                       = true                                      {product} {ergonomic}
     bool UseCompressedClassPointers               = true                                 {lp64_product} {ergonomic}
     bool UseCompressedOops                        = true                                 {lp64_product} {ergonomic}
     bool UseG1GC                                  = true                                      {product} {command line}
     bool UseLargePagesIndividualAllocation        = false                                  {pd product} {ergonomic}

Logging:
Log output configuration:
 #0: stdout all=warning uptime,level,tags
 #1: stderr all=off uptime,level,tags

Environment Variables:
JAVA_HOME=C:\Program Files\Java\jdk-11.0.4
PATH=C:\Python310\Scripts\;C:\Python310\;C:\Python38\Scripts\;C:\Python38\;C:\windows\system32;C:\windows;C:\windows\System32\Wbem;C:\windows\System32\WindowsPowerShell\v1.0\;C:\windows\System32\OpenSSH\;C:\Program Files (x86)\NVIDIA Corporation\PhysX\Common;C:\Program Files\Intel\WiFi\bin\;C:\Program Files\Common Files\Intel\WirelessCommon\;C:\WINDOWS\system32;C:\WINDOWS;C:\WINDOWS\System32\Wbem;C:\WINDOWS\System32\WindowsPowerShell\v1.0\;C:\WINDOWS\System32\OpenSSH\;C:\Program Files\dotnet\;C:\Program Files\Microsoft SQL Server\130\Tools\Binn\;C:\Program Files\Microsoft SQL Server\Client SDK\ODBC\170\Tools\Binn\;C:\Program Files\Git\cmd;C:\ProgramData\chocolatey\bin;C:\Program Files\PostgreSQL\11\bin;C:\Program Files (x86)\Intel\Intel(R) Management Engine Components\DAL;C:\Program Files\Intel\Intel(R) Management Engine Components\DAL;C:\WINDOWS\system32\config\systemprofile\.dnx\bin;C:\Program Files\Microsoft DNX\Dnvm\;C:\Program Files (x86)\Bitvise SSH Client;C:\Users\ErangaEkanayake\Downloads\apache-maven-3.8.1-bin\apache-maven-3.8.1\bin;C:\Program Files\PuTTY\;C:\Users\ErangaEkanayake\AppData\Roaming\nvm;C:\Program Files\nodejs;C:\Users\ErangaEkanayake\AppData\Local\Microsoft\WindowsApps;C:\Users\ErangaEkanayake\AppData\Local\atom\bin;C:\Users\ErangaEkanayake\AppData\Local\Programs\Microsoft VS Code\bin;C:\Program Files\Java\jdk-11.0.4\bin;C:\Program Files (x86)\Android\android-sdk\platform-tools;C:\Program Files (x86)\Android\android-sdk;C:\Users\ErangaEkanayake\.dotnet\tools;C:\Users\ErangaEkanayake\AppData\Local\Programs\Fiddler;C:\Users\ErangaEkanayake\.dotnet\tools;C:\Users\ErangaEkanayake\AppData\Local\Microsoft\WindowsApps;C:\Users\ErangaEkanayake\AppData\Roaming\npm;C:\Users\ErangaEkanayake\AppData\Roaming\nvm;C:\Program Files\nodejs
USERNAME=ErangaEkanayake
OS=Windows_NT
PROCESSOR_IDENTIFIER=Intel64 Family 6 Model 142 Stepping 11, GenuineIntel



---------------  S Y S T E M  ---------------

OS: Windows 10 , 64 bit Build 19041 (10.0.19041.2546)

CPU:total 8 (initial active 8) (4 cores per cpu, 2 threads per core) family 6 model 142 stepping 11, cmov, cx8, fxsr, mmx, sse, sse2, sse3, ssse3, sse4.1, sse4.2, popcnt, avx, avx2, aes, clmul, erms, 3dnowpref, lzcnt, ht, tsc, tscinvbit, bmi1, bmi2, adx, fma

Memory: 4k page, system-wide physical 32638M (14881M free)
TotalPageFile size 42305M (AvailPageFile size 827M)
current process WorkingSet (physical memory assigned to process): 10M, peak: 10M
current process commit charge ("private bytes"): 59M, peak: 1083M

vm_info: Java HotSpot(TM) 64-Bit Server VM (11.0.4+10-LTS) for windows-amd64 JRE (11.0.4+10-LTS), built on Jul  4 2019 16:28:13 by "mach5one" with MS VC++ 15.5 (VS2017)

END.
