2024-02-03 16:34:43,137 INFO o.a.j.u.JMeterUtils: Setting Locale to en_EN
2024-02-03 16:34:43,185 INFO o.a.j.JMeter: Loading user properties from: user.properties
2024-02-03 16:34:43,187 INFO o.a.j.JMeter: Loading system properties from: system.properties
2024-02-03 16:34:43,200 INFO o.a.j.JMeter: Copyright (c) 1998-2019 The Apache Software Foundation
2024-02-03 16:34:43,200 INFO o.a.j.JMeter: Version 5.1.1 r1855137
2024-02-03 16:34:43,200 INFO o.a.j.JMeter: java.version=11.0.4
2024-02-03 16:34:43,200 INFO o.a.j.JMeter: java.vm.name=Java HotSpot(TM) 64-Bit Server VM
2024-02-03 16:34:43,200 INFO o.a.j.JMeter: os.name=Windows 10
2024-02-03 16:34:43,201 INFO o.a.j.JMeter: os.arch=amd64
2024-02-03 16:34:43,201 INFO o.a.j.JMeter: os.version=10.0
2024-02-03 16:34:43,201 INFO o.a.j.JMeter: file.encoding=Cp1252
2024-02-03 16:34:43,202 INFO o.a.j.JMeter: java.awt.headless=null
2024-02-03 16:34:43,202 INFO o.a.j.JMeter: Max memory     =1073741824
2024-02-03 16:34:43,202 INFO o.a.j.JMeter: Available Processors =8
2024-02-03 16:34:43,221 INFO o.a.j.JMeter: Default Locale=English (EN)
2024-02-03 16:34:43,222 INFO o.a.j.JMeter: JMeter  Locale=English (EN)
2024-02-03 16:34:43,222 INFO o.a.j.JMeter: JMeterHome=C:\Users\ErangaEkanayake\source\git\Test%20JMeter
2024-02-03 16:34:43,222 INFO o.a.j.JMeter: user.dir  =C:\Users\ErangaEkanayake\source\git\Test%20JMeter\bin
2024-02-03 16:34:43,224 INFO o.a.j.JMeter: PWD       =C:\Users\ErangaEkanayake\source\git\Test%20JMeter\bin
2024-02-03 16:34:43,225 INFO o.a.j.JMeter: IP: 172.18.32.1 Name: DESKTOP-5OBHLP0 FullName: DESKTOP-5OBHLP0.mshome.net
2024-02-03 16:34:43,764 INFO o.a.j.g.a.LookAndFeelCommand: Installing Darcula LAF
2024-02-03 16:34:43,778 INFO o.a.j.g.a.LookAndFeelCommand: Using look and feel: com.bulenkov.darcula.DarculaLaf [Darcula]
2024-02-03 16:34:43,778 INFO o.a.j.JMeter: Setting LAF to: com.bulenkov.darcula.DarculaLaf
2024-02-03 16:34:43,942 INFO o.a.j.JMeter: Loaded icon properties from org/apache/jmeter/images/icon.properties
2024-02-03 16:34:47,883 INFO o.j.r.JARSourceHTTP: Requesting https://jmeter-plugins.org/repo/?installID=windows_10-1f03b569a928ebc7d0f5dbee49d82072-gui
2024-02-03 16:34:48,683 INFO o.a.j.p.h.s.HTTPSamplerBase: Parser for text/html is org.apache.jmeter.protocol.http.parser.LagartoBasedHtmlParser
2024-02-03 16:34:48,686 INFO o.a.j.p.h.s.HTTPSamplerBase: Parser for application/xhtml+xml is org.apache.jmeter.protocol.http.parser.LagartoBasedHtmlParser
2024-02-03 16:34:48,687 INFO o.a.j.p.h.s.HTTPSamplerBase: Parser for application/xml is org.apache.jmeter.protocol.http.parser.LagartoBasedHtmlParser
2024-02-03 16:34:48,687 INFO o.a.j.p.h.s.HTTPSamplerBase: Parser for text/xml is org.apache.jmeter.protocol.http.parser.LagartoBasedHtmlParser
2024-02-03 16:34:48,688 INFO o.a.j.p.h.s.HTTPSamplerBase: Parser for text/vnd.wap.wml is org.apache.jmeter.protocol.http.parser.RegexpHTMLParser
2024-02-03 16:34:48,688 INFO o.a.j.p.h.s.HTTPSamplerBase: Parser for text/css is org.apache.jmeter.protocol.http.parser.CssParser
2024-02-03 16:34:49,725 INFO o.a.j.e.KeyToolUtils: keytool found at 'keytool'
2024-02-03 16:34:49,727 INFO o.a.j.p.h.p.ProxyControl: HTTP(S) Test Script Recorder SSL Proxy will use keys that support embedded 3rd party resources in file C:\Users\ErangaEkanayake\source\git\Test%20JMeter\bin\proxyserver.jks
2024-02-03 16:34:50,207 INFO o.a.j.s.FileServer: Default base='C:\Users\ErangaEkanayake\source\git\Test%20JMeter\bin'
2024-02-03 16:34:52,620 INFO o.a.j.s.SampleResult: Note: Sample TimeStamps are START times
2024-02-03 16:34:52,621 INFO o.a.j.s.SampleResult: sampleresult.default.encoding is set to ISO-8859-1
2024-02-03 16:34:52,622 INFO o.a.j.s.SampleResult: sampleresult.useNanoTime=true
2024-02-03 16:34:52,622 INFO o.a.j.s.SampleResult: sampleresult.nanoThreadSleep=5000
2024-02-03 16:34:52,762 INFO o.a.j.v.ViewResultsFullVisualizer: Add JavaFX to your Java installation if you want to use renderer: org.apache.jmeter.visualizers.RenderInBrowser
2024-02-03 16:34:53,064 INFO o.j.r.PluginManager: Plugins Status: [jpgc-casutg=2.9, jpgc-plugins-manager=1.3, jpgc-webdriver=3.1, jmeter-core=5.1.1, jmeter-ftp=5.1.1, jmeter-http=5.1.1, jmeter-jdbc=5.1.1, jmeter-jms=5.1.1, jmeter-junit=5.1.1, jmeter-java=5.1.1, jmeter-ldap=5.1.1, jmeter-mail=5.1.1, jmeter-mongodb=5.1.1, jmeter-native=5.1.1, jmeter-tcp=5.1.1, jmeter-components=5.1.1]
2024-02-03 16:34:53,071 INFO o.j.r.PluginManagerMenuItem: Plugins Manager has upgrades: [jpgc-casutg, jpgc-plugins-manager, jpgc-webdriver]
2024-02-03 16:35:38,354 INFO o.a.j.g.a.Load: Loading file: C:\Users\ErangaEkanayake\source\git\Test%20JMeter\bin\debtor-statement.jmx
2024-02-03 16:35:38,355 INFO o.a.j.s.FileServer: Set new base='C:\Users\ErangaEkanayake\source\git\Test%20JMeter\bin'
2024-02-03 16:35:38,700 INFO o.a.j.s.SaveService: Testplan (JMX) version: 2.2. Testlog (JTL) version: 2.2
2024-02-03 16:35:38,709 INFO o.a.j.s.SaveService: Using SaveService properties version 5.0
2024-02-03 16:35:38,712 INFO o.a.j.s.SaveService: Using SaveService properties file encoding UTF-8
2024-02-03 16:35:38,714 INFO o.a.j.s.SaveService: Loading file: C:\Users\ErangaEkanayake\source\git\Test%20JMeter\bin\debtor-statement.jmx
2024-02-03 16:35:39,085 INFO o.a.j.e.u.CompoundVariable: Note: Function class names must contain the string: '.functions.'
2024-02-03 16:35:39,085 INFO o.a.j.e.u.CompoundVariable: Note: Function class names must not contain the string: '.gui.'
2024-02-03 16:35:39,630 INFO o.a.j.v.ViewResultsFullVisualizer: Add JavaFX to your Java installation if you want to use renderer: org.apache.jmeter.visualizers.RenderInBrowser
2024-02-03 16:35:39,699 INFO o.a.j.s.FileServer: Set new base='C:\Users\ErangaEkanayake\source\git\Test%20JMeter\bin'
2024-02-03 16:36:02,372 INFO o.a.j.e.StandardJMeterEngine: Running the test!
2024-02-03 16:36:02,373 INFO o.a.j.s.SampleEvent: List of sample_variables: []
2024-02-03 16:36:02,373 INFO o.a.j.s.SampleEvent: List of sample_variables: []
2024-02-03 16:36:02,383 INFO o.a.j.g.u.JMeterMenuBar: setRunning(true, *local*)
2024-02-03 16:36:02,500 INFO o.a.j.e.StandardJMeterEngine: Starting ThreadGroup: 1 : jp@gc - Ultimate Thread Group
2024-02-03 16:36:02,500 INFO o.a.j.e.StandardJMeterEngine: Starting 3 threads for group jp@gc - Ultimate Thread Group.
2024-02-03 16:36:02,501 INFO o.a.j.e.StandardJMeterEngine: Thread will continue on error
2024-02-03 16:36:02,501 INFO k.a.j.t.AbstractSimpleThreadGroup: Starting thread group number 1 threads 3
2024-02-03 16:36:02,517 INFO k.a.j.t.AbstractSimpleThreadGroup: Started thread group number 1
2024-02-03 16:36:02,517 INFO o.a.j.e.StandardJMeterEngine: All thread groups have been started
2024-02-03 16:36:03,841 INFO o.a.j.t.JMeterThread: Thread started: jp@gc - Ultimate Thread Group 1-3
2024-02-03 16:36:04,168 INFO o.a.j.t.JMeterThread: Thread started: jp@gc - Ultimate Thread Group 1-2
2024-02-03 16:36:04,502 INFO o.a.j.t.JMeterThread: Thread started: jp@gc - Ultimate Thread Group 1-1
2024-02-03 16:37:01,047 INFO o.a.j.t.JMeterThread: Stopping because end time detected by thread: jp@gc - Ultimate Thread Group 1-1
2024-02-03 16:37:01,048 INFO o.a.j.t.JMeterThread: Thread finished: jp@gc - Ultimate Thread Group 1-1
2024-02-03 16:37:01,198 INFO o.a.j.t.JMeterThread: Stopping because end time detected by thread: jp@gc - Ultimate Thread Group 1-2
2024-02-03 16:37:01,199 INFO o.a.j.t.JMeterThread: Thread finished: jp@gc - Ultimate Thread Group 1-2
2024-02-03 16:37:02,454 INFO o.a.j.t.JMeterThread: Stopping because end time detected by thread: jp@gc - Ultimate Thread Group 1-3
2024-02-03 16:37:02,454 INFO o.a.j.t.JMeterThread: Thread finished: jp@gc - Ultimate Thread Group 1-3
2024-02-03 16:37:03,740 INFO o.a.j.e.StandardJMeterEngine: Notifying test listeners of end of test
2024-02-03 16:37:03,740 INFO o.a.j.g.u.JMeterMenuBar: setRunning(false, *local*)
2024-02-03 17:13:47,807 INFO o.a.j.v.ViewResultsFullVisualizer: Add JavaFX to your Java installation if you want to use renderer: org.apache.jmeter.visualizers.RenderInBrowser
2024-02-03 17:26:27,099 INFO o.a.j.e.StandardJMeterEngine: Running the test!
2024-02-03 17:26:27,099 INFO o.a.j.s.SampleEvent: List of sample_variables: []
2024-02-03 17:26:27,102 INFO o.a.j.g.u.JMeterMenuBar: setRunning(true, *local*)
2024-02-03 17:26:27,131 INFO o.a.j.e.StandardJMeterEngine: Starting ThreadGroup: 1 : Thread Group
2024-02-03 17:26:27,131 INFO o.a.j.e.StandardJMeterEngine: Starting 4 threads for group Thread Group.
2024-02-03 17:26:27,131 INFO o.a.j.e.StandardJMeterEngine: Thread will continue on error
2024-02-03 17:26:27,132 INFO o.a.j.t.ThreadGroup: Starting thread group... number=1 threads=4 ramp-up=1 delayedStart=false
2024-02-03 17:26:27,164 INFO o.a.j.t.JMeterThread: Thread started: Thread Group 1-1
2024-02-03 17:26:27,191 INFO o.a.j.t.ThreadGroup: Started thread group number 1
2024-02-03 17:26:27,191 INFO o.a.j.e.StandardJMeterEngine: All thread groups have been started
2024-02-03 17:26:27,416 INFO o.a.j.t.JMeterThread: Thread started: Thread Group 1-2
2024-02-03 17:26:27,663 INFO o.a.j.t.JMeterThread: Thread started: Thread Group 1-3
2024-02-03 17:26:27,931 INFO o.a.j.t.JMeterThread: Thread started: Thread Group 1-4
2024-02-03 17:28:26,226 INFO o.a.j.g.a.Start: Stopping test
2024-02-03 17:28:26,250 INFO o.a.j.t.JMeterThread: Stopping: Thread Group 1-1
2024-02-03 17:28:26,251 WARN o.a.j.t.JMeterThread: Sampler is not Interruptible: jp@gc - WebDriver Sampler
2024-02-03 17:28:26,251 INFO o.a.j.t.JMeterThread: Stopping: Thread Group 1-2
2024-02-03 17:28:26,251 WARN o.a.j.t.JMeterThread: Sampler is not Interruptible: jp@gc - WebDriver Sampler
2024-02-03 17:28:26,251 INFO o.a.j.t.JMeterThread: Stopping: Thread Group 1-3
2024-02-03 17:28:26,252 WARN o.a.j.t.JMeterThread: Sampler is not Interruptible: jp@gc - WebDriver Sampler
2024-02-03 17:28:26,252 ERROR c.g.j.p.w.s.WebDriverSampler: java.lang.InterruptedException: sleep interrupted
Build info: version: '3.14.0', revision: 'aacccce0', time: '2018-08-02T20:19:58.91Z'
System info: host: 'DESKTOP-5OBHLP0', ip: '172.18.32.1', os.name: 'Windows 10', os.arch: 'amd64', os.version: '10.0', java.version: '11.0.4'
Driver info: driver.version: unknown
2024-02-03 17:28:26,252 ERROR c.g.j.p.w.s.WebDriverSampler: java.lang.InterruptedException: sleep interrupted
Build info: version: '3.14.0', revision: 'aacccce0', time: '2018-08-02T20:19:58.91Z'
System info: host: 'DESKTOP-5OBHLP0', ip: '172.18.32.1', os.name: 'Windows 10', os.arch: 'amd64', os.version: '10.0', java.version: '11.0.4'
Driver info: driver.version: unknown
2024-02-03 17:28:26,252 INFO o.a.j.t.JMeterThread: Stopping: Thread Group 1-4
2024-02-03 17:28:26,252 WARN o.a.j.t.JMeterThread: Sampler is not Interruptible: jp@gc - WebDriver Sampler
2024-02-03 17:28:26,252 ERROR c.g.j.p.w.s.WebDriverSampler: java.lang.InterruptedException: sleep interrupted
Build info: version: '3.14.0', revision: 'aacccce0', time: '2018-08-02T20:19:58.91Z'
System info: host: 'DESKTOP-5OBHLP0', ip: '172.18.32.1', os.name: 'Windows 10', os.arch: 'amd64', os.version: '10.0', java.version: '11.0.4'
Driver info: driver.version: unknown
2024-02-03 17:28:26,252 ERROR c.g.j.p.w.s.WebDriverSampler: java.lang.InterruptedException: sleep interrupted
Build info: version: '3.14.0', revision: 'aacccce0', time: '2018-08-02T20:19:58.91Z'
System info: host: 'DESKTOP-5OBHLP0', ip: '172.18.32.1', os.name: 'Windows 10', os.arch: 'amd64', os.version: '10.0', java.version: '11.0.4'
Driver info: driver.version: unknown
2024-02-03 17:28:26,252 INFO o.a.j.t.JMeterThread: Thread finished: Thread Group 1-2
2024-02-03 17:28:26,252 INFO o.a.j.t.JMeterThread: Thread finished: Thread Group 1-1
2024-02-03 17:28:26,253 INFO o.a.j.t.JMeterThread: Thread finished: Thread Group 1-3
2024-02-03 17:28:26,253 INFO o.a.j.t.JMeterThread: Thread finished: Thread Group 1-4
2024-02-03 17:28:28,549 INFO o.a.j.e.StandardJMeterEngine: Notifying test listeners of end of test
2024-02-03 17:28:28,550 INFO o.a.j.g.u.JMeterMenuBar: setRunning(false, *local*)
2024-02-03 17:30:26,263 INFO o.a.j.v.ViewResultsFullVisualizer: Add JavaFX to your Java installation if you want to use renderer: org.apache.jmeter.visualizers.RenderInBrowser
