2024-02-03 18:57:30,928 INFO o.a.j.u.JMeterUtils: Setting Locale to en_EN
2024-02-03 18:57:30,999 INFO o.a.j.JMeter: Loading user properties from: C:\Users\ErangaEkanayake\source\git\Test%20JMeter\bin\user.properties
2024-02-03 18:57:31,002 INFO o.a.j.JMeter: Loading system properties from: C:\Users\ErangaEkanayake\source\git\Test%20JMeter\bin\system.properties
2024-02-03 18:57:31,016 INFO o.a.j.JMeter: Copyright (c) 1998-2019 The Apache Software Foundation
2024-02-03 18:57:31,016 INFO o.a.j.JMeter: Version 5.1.1 r1855137
2024-02-03 18:57:31,017 INFO o.a.j.JMeter: java.version=11.0.4
2024-02-03 18:57:31,017 INFO o.a.j.JMeter: java.vm.name=Java HotSpot(TM) 64-Bit Server VM
2024-02-03 18:57:31,017 INFO o.a.j.JMeter: os.name=Windows 10
2024-02-03 18:57:31,018 INFO o.a.j.JMeter: os.arch=amd64
2024-02-03 18:57:31,018 INFO o.a.j.JMeter: os.version=10.0
2024-02-03 18:57:31,018 INFO o.a.j.JMeter: file.encoding=Cp1252
2024-02-03 18:57:31,018 INFO o.a.j.JMeter: java.awt.headless=null
2024-02-03 18:57:31,019 INFO o.a.j.JMeter: Max memory     =1073741824
2024-02-03 18:57:31,019 INFO o.a.j.JMeter: Available Processors =8
2024-02-03 18:57:31,042 INFO o.a.j.JMeter: Default Locale=English (EN)
2024-02-03 18:57:31,043 INFO o.a.j.JMeter: JMeter  Locale=English (EN)
2024-02-03 18:57:31,043 INFO o.a.j.JMeter: JMeterHome=C:\Users\ErangaEkanayake\source\git\Test%20JMeter
2024-02-03 18:57:31,043 INFO o.a.j.JMeter: user.dir  =C:\Users\ErangaEkanayake\source\git\Test%20JMeter
2024-02-03 18:57:31,045 INFO o.a.j.JMeter: PWD       =C:\Users\ErangaEkanayake\source\git\Test%20JMeter
2024-02-03 18:57:31,047 INFO o.a.j.JMeter: IP: 172.18.32.1 Name: DESKTOP-5OBHLP0 FullName: DESKTOP-5OBHLP0.mshome.net
2024-02-03 18:57:31,723 INFO o.a.j.g.a.LookAndFeelCommand: Installing Darcula LAF
2024-02-03 18:57:31,737 INFO o.a.j.g.a.LookAndFeelCommand: Using look and feel: com.bulenkov.darcula.DarculaLaf [Darcula]
2024-02-03 18:57:31,738 INFO o.a.j.JMeter: Setting LAF to: com.bulenkov.darcula.DarculaLaf
2024-02-03 18:57:31,911 INFO o.a.j.JMeter: Loaded icon properties from org/apache/jmeter/images/icon.properties
2024-02-03 18:57:36,320 INFO o.j.r.JARSourceHTTP: Found cached repo
2024-02-03 18:57:36,617 INFO o.a.j.p.h.s.HTTPSamplerBase: Parser for text/html is org.apache.jmeter.protocol.http.parser.LagartoBasedHtmlParser
2024-02-03 18:57:36,618 INFO o.a.j.p.h.s.HTTPSamplerBase: Parser for application/xhtml+xml is org.apache.jmeter.protocol.http.parser.LagartoBasedHtmlParser
2024-02-03 18:57:36,619 INFO o.a.j.p.h.s.HTTPSamplerBase: Parser for application/xml is org.apache.jmeter.protocol.http.parser.LagartoBasedHtmlParser
2024-02-03 18:57:36,619 INFO o.a.j.p.h.s.HTTPSamplerBase: Parser for text/xml is org.apache.jmeter.protocol.http.parser.LagartoBasedHtmlParser
2024-02-03 18:57:36,620 INFO o.a.j.p.h.s.HTTPSamplerBase: Parser for text/vnd.wap.wml is org.apache.jmeter.protocol.http.parser.RegexpHTMLParser
2024-02-03 18:57:36,620 INFO o.a.j.p.h.s.HTTPSamplerBase: Parser for text/css is org.apache.jmeter.protocol.http.parser.CssParser
2024-02-03 18:57:36,810 INFO o.j.r.PluginManager: Plugins Status: [jpgc-casutg=2.9, jpgc-plugins-manager=1.3, jpgc-webdriver=3.1, jmeter-core=5.1.1, jmeter-ftp=5.1.1, jmeter-http=5.1.1, jmeter-jdbc=5.1.1, jmeter-jms=5.1.1, jmeter-junit=5.1.1, jmeter-java=5.1.1, jmeter-ldap=5.1.1, jmeter-mail=5.1.1, jmeter-mongodb=5.1.1, jmeter-native=5.1.1, jmeter-tcp=5.1.1, jmeter-components=5.1.1]
2024-02-03 18:57:36,815 INFO o.j.r.PluginManagerMenuItem: Plugins Manager has upgrades: [jpgc-casutg, jpgc-plugins-manager, jpgc-webdriver]
2024-02-03 18:57:37,962 INFO o.a.j.e.KeyToolUtils: keytool found at 'keytool'
2024-02-03 18:57:37,963 INFO o.a.j.p.h.p.ProxyControl: HTTP(S) Test Script Recorder SSL Proxy will use keys that support embedded 3rd party resources in file C:\Users\ErangaEkanayake\source\git\Test%20JMeter\bin\proxyserver.jks
2024-02-03 18:57:38,437 INFO o.a.j.s.FileServer: Default base='C:\Users\ErangaEkanayake\source\git\Test%20JMeter'
2024-02-03 18:57:41,118 INFO o.a.j.s.SampleResult: Note: Sample TimeStamps are START times
2024-02-03 18:57:41,119 INFO o.a.j.s.SampleResult: sampleresult.default.encoding is set to ISO-8859-1
2024-02-03 18:57:41,120 INFO o.a.j.s.SampleResult: sampleresult.useNanoTime=true
2024-02-03 18:57:41,120 INFO o.a.j.s.SampleResult: sampleresult.nanoThreadSleep=5000
2024-02-03 18:57:41,184 INFO o.a.j.v.ViewResultsFullVisualizer: Add JavaFX to your Java installation if you want to use renderer: org.apache.jmeter.visualizers.RenderInBrowser
